Epoch 0 loss: 327.0871948003769
Epoch 1 loss: 252.6966885216534
Epoch 2 loss: 246.41911919080667
Epoch 3 loss: 248.2406055738029
Epoch 4 loss: 265.3662426127886
Epoch 5 loss: 242.17424684436992
Epoch 6 loss: 253.37130852031987
Epoch 7 loss: 247.38307031386648
Epoch 8 loss: 263.94308380177245
Epoch 9 loss: 241.4147913355191
Epoch 10 loss: 262.4384411069914
Epoch 11 loss: 234.13211973622674
Epoch 12 loss: 255.41480839252472
Epoch 13 loss: 218.61401877224216
Epoch 14 loss: 233.82941465315525
Epoch 15 loss: 224.32647381568898
Epoch 16 loss: 247.6814191476442
Epoch 17 loss: 239.9767725595777
Epoch 18 loss: 237.59171513810657
Epoch 19 loss: 231.5091060474515
Epoch 20 loss: 227.5546978916973
Epoch 21 loss: 223.8816798141184
Epoch 22 loss: 218.37224652747682
Epoch 23 loss: 223.14934391714633
Epoch 24 loss: 206.39031772717135
Epoch 25 loss: 205.33410022633325
Epoch 26 loss: 193.97665221104398
Epoch 27 loss: 191.8007966047525
Epoch 28 loss: 197.73200200973633
Epoch 29 loss: 185.02004158364434
Epoch 30 loss: 185.15045320760692
Epoch 31 loss: 164.14827123585263
Epoch 32 loss: 157.25891259608562
Epoch 33 loss: 162.9927404436677
Epoch 34 loss: 152.53628035453903
Epoch 35 loss: 150.822173107641
Epoch 36 loss: 133.46728221057722
Epoch 37 loss: 142.64400743266367
Epoch 38 loss: 120.60332660973336
Epoch 39 loss: 137.85791209499467
Epoch 40 loss: 110.5551623124731
Epoch 41 loss: 111.87225451009246
Epoch 42 loss: 113.79682237335122
Epoch 43 loss: 90.12393192850399
Epoch 44 loss: 97.53137729538221
Epoch 45 loss: 82.449494620884
Epoch 46 loss: 98.38697292584587
Epoch 47 loss: 96.56826131108727
Epoch 48 loss: 84.64852484630151
Epoch 49 loss: 86.38339823127872
Epoch 0 loss: 540.3449154667833
Epoch 1 loss: 481.9451917586848
Epoch 2 loss: 481.67073189350776
Epoch 3 loss: 501.1659421483055
Epoch 4 loss: 479.53143421119603
Epoch 5 loss: 473.84718538072775
Epoch 6 loss: 479.1229170007864
Epoch 7 loss: 478.3860702943057
Epoch 8 loss: 466.79929943638854
Epoch 9 loss: 498.41366871766513
Epoch 10 loss: 475.1624537645839
Epoch 11 loss: 445.2258094828576
Epoch 12 loss: 449.05241910740733
Epoch 13 loss: 427.2533357083653
Epoch 14 loss: 440.9281628447352
Epoch 15 loss: 389.59737871000834
Epoch 16 loss: 398.5259516412825
Epoch 17 loss: 413.27691388098174
Epoch 18 loss: 368.18350684192046
Epoch 19 loss: 367.7277006006734
Epoch 20 loss: 377.12274367647683
Epoch 21 loss: 353.2851143977796
Epoch 22 loss: 356.57321963807556
Epoch 23 loss: 329.86731519475495
Epoch 24 loss: 318.1676281700351
Epoch 25 loss: 282.7905309770058
Epoch 26 loss: 292.682301628078
Epoch 27 loss: 282.4399753014964
Epoch 28 loss: 295.36017229172023
Epoch 29 loss: 272.15756114271244
Epoch 30 loss: 228.47977876133666
Epoch 31 loss: 239.3488409931619
Epoch 32 loss: 181.94493142196825
Epoch 33 loss: 209.97062226685122
Epoch 34 loss: 212.3864047837208
Epoch 35 loss: 192.0008848794318
Epoch 36 loss: 166.99798447667223
Epoch 37 loss: 146.78946096229504
Epoch 38 loss: 165.99291979039617
Epoch 39 loss: 151.75767805542503
Epoch 40 loss: 152.9142563110119
Epoch 41 loss: 129.82029497428954
Epoch 42 loss: 151.8459324751184
Epoch 43 loss: 122.3070465124433
Epoch 44 loss: 115.27374581559206
Epoch 45 loss: 104.48185916616106
Epoch 46 loss: 109.17860804828953
Epoch 47 loss: 125.59611903077706
Epoch 48 loss: 73.26241041986134
Epoch 49 loss: 76.03070854469122
Epoch 0 loss: 792.4182982454076
Epoch 1 loss: 720.4776804274443
Epoch 2 loss: 735.8247352903709
Epoch 3 loss: 737.322148778243
Epoch 4 loss: 743.9600038767094
Epoch 5 loss: 745.802141259468
Epoch 6 loss: 741.6483413446695
Epoch 7 loss: 701.2879810030572
Epoch 8 loss: 665.7141609923783
Epoch 9 loss: 664.0605199213933
Epoch 10 loss: 644.4004117302084
Epoch 11 loss: 641.0473239437852
Epoch 12 loss: 609.9787537830634
Epoch 13 loss: 620.9958167489676
Epoch 14 loss: 579.818539684412
Epoch 15 loss: 526.7743658818072
Epoch 16 loss: 547.3482328935033
Epoch 17 loss: 510.7607921392327
Epoch 18 loss: 523.751869204347
Epoch 19 loss: 490.723994034945
Epoch 20 loss: 425.6180907807776
Epoch 21 loss: 444.9112080154048
Epoch 22 loss: 408.54219270058275
Epoch 23 loss: 387.1319249918872
Epoch 24 loss: 347.2050534679323
Epoch 25 loss: 364.71881902147726
Epoch 26 loss: 314.84397484755584
Epoch 27 loss: 282.5349216026392
Epoch 28 loss: 253.81931686384198
Epoch 29 loss: 257.1542077804967
Epoch 30 loss: 228.2326384993408
Epoch 31 loss: 216.80091542139164
Epoch 32 loss: 225.22111547216102
Epoch 33 loss: 183.1425862001664
Epoch 34 loss: 169.69104288519998
Epoch 35 loss: 158.07980299014343
Epoch 36 loss: 195.86100927699144
Epoch 37 loss: 176.5446322424469
Epoch 38 loss: 144.1828086626468
Epoch 39 loss: 132.0039902602206
Epoch 40 loss: 124.58963212757914
Epoch 41 loss: 95.2780214462019
Epoch 42 loss: 60.91558475022995
Epoch 43 loss: 81.15039921862551
Epoch 44 loss: 79.6216422461272
Epoch 45 loss: 95.25648093272227
Epoch 46 loss: 60.97561593609845
Epoch 47 loss: 60.03315526642328
Epoch 48 loss: 53.19520628831799
Epoch 49 loss: 60.368861136950166
Epoch 0 loss: 1001.9645748062176
Epoch 1 loss: 951.6864068299765
Epoch 2 loss: 956.9400646106806
Epoch 3 loss: 928.9975926752377
Epoch 4 loss: 925.735297256615
Epoch 5 loss: 896.9481005189009
Epoch 6 loss: 904.2999966678326
Epoch 7 loss: 902.572784114629
Epoch 8 loss: 806.568529341936
Epoch 9 loss: 788.2338282519195
Epoch 10 loss: 797.4523115437551
Epoch 11 loss: 727.7755956826732
Epoch 12 loss: 729.8304752136246
Epoch 13 loss: 682.566561436377
Epoch 14 loss: 662.0091409275365
Epoch 15 loss: 635.4354178939798
Epoch 16 loss: 619.6706126970453
Epoch 17 loss: 579.9866902798566
Epoch 18 loss: 526.7836298605738
Epoch 19 loss: 501.60898200327495
Epoch 20 loss: 467.82807065833106
Epoch 21 loss: 435.1072425100198
Epoch 22 loss: 408.0760584623143
Epoch 23 loss: 371.3932517837495
Epoch 24 loss: 328.0925812583971
Epoch 25 loss: 312.2436432031077
Epoch 26 loss: 281.4936041811383
Epoch 27 loss: 283.4672128908726
Epoch 28 loss: 226.48340553104657
Epoch 29 loss: 192.52634970708812
Epoch 30 loss: 174.42628009719894
Epoch 31 loss: 161.2979416639454
Epoch 32 loss: 157.2200850637486
Epoch 33 loss: 155.94042903335492
Epoch 34 loss: 124.40940104578239
Epoch 35 loss: 116.90768142403039
Epoch 36 loss: 100.61619931704344
Epoch 37 loss: 93.7878353650279
Epoch 38 loss: 92.07380556503045
Epoch 39 loss: 111.72860309534849
Epoch 40 loss: 92.28107199583923
Epoch 41 loss: 77.63857234688993
Epoch 42 loss: 60.69985412560243
Epoch 43 loss: 71.7908108029493
Epoch 44 loss: 60.65259551724389
Epoch 45 loss: 71.88224673350032
Epoch 46 loss: 62.473188358139694
Epoch 47 loss: 65.01025871912108
Epoch 48 loss: 57.36323275445649
Epoch 49 loss: 58.29656604856147
Epoch 0 loss: 1325.1984368953854
Epoch 1 loss: 1176.1448786407273
Epoch 2 loss: 1203.491645491682
Epoch 3 loss: 1219.583233103156
Epoch 4 loss: 1196.7819031761028
Epoch 5 loss: 1125.6813392079785
Epoch 6 loss: 1102.1681134634673
Epoch 7 loss: 1101.357334448956
Epoch 8 loss: 1072.8255224791938
Epoch 9 loss: 1053.2941356393567
Epoch 10 loss: 984.6859958760033
Epoch 11 loss: 946.5975393655826
Epoch 12 loss: 918.8587626973904
Epoch 13 loss: 965.7927872811633
Epoch 14 loss: 872.6929886393177
Epoch 15 loss: 867.9217185089656
Epoch 16 loss: 831.3190751853981
Epoch 17 loss: 820.4624903787626
Epoch 18 loss: 787.8283218196528
Epoch 19 loss: 764.1946222104156
Epoch 20 loss: 696.85234494614
Epoch 21 loss: 678.8768210441815
Epoch 22 loss: 704.2714863788027
Epoch 23 loss: 589.3864460455661
Epoch 24 loss: 584.0342419561091
Epoch 25 loss: 590.7856041217078
Epoch 26 loss: 491.66547356185566
Epoch 27 loss: 480.0791881499665
Epoch 28 loss: 481.7541954806269
Epoch 29 loss: 458.7043814364172
Epoch 30 loss: 429.16797115697705
Epoch 31 loss: 403.5545478831969
Epoch 32 loss: 334.38551253642316
Epoch 33 loss: 352.0831400514391
Epoch 34 loss: 338.08160350450885
Epoch 35 loss: 293.629306409394
Epoch 36 loss: 282.80701634549337
Epoch 37 loss: 238.7580052967347
Epoch 38 loss: 234.77005748131646
Epoch 39 loss: 251.5249987507849
Epoch 40 loss: 211.73703475612456
Epoch 41 loss: 169.98600201816896
Epoch 42 loss: 163.82077903628996
Epoch 43 loss: 126.68606545790738
Epoch 44 loss: 158.57208708924225
Epoch 45 loss: 134.06800424319138
Epoch 46 loss: 158.85984670794787
Epoch 47 loss: 155.24039601811626
Epoch 48 loss: 123.73173169305346
Epoch 49 loss: 105.53739125403038
Epoch 0 loss: 1313.2164863024373
Epoch 1 loss: 1179.4959336363245
Epoch 2 loss: 1203.5847881124355
Epoch 3 loss: 1188.5899819115875
Epoch 4 loss: 1139.3977493436978
Epoch 5 loss: 1118.0080975652672
Epoch 6 loss: 1111.882017526077
Epoch 7 loss: 1078.7787151559678
Epoch 8 loss: 1011.8130557064142
Epoch 9 loss: 1023.8943891038016
Epoch 10 loss: 996.6355327511556
Epoch 11 loss: 989.1003131825564
Epoch 12 loss: 962.5457727150733
Epoch 13 loss: 864.4781765736543
Epoch 14 loss: 900.4763624966727
Epoch 15 loss: 846.7642308792388
Epoch 16 loss: 773.2338121807625
Epoch 17 loss: 790.5507473728562
Epoch 18 loss: 773.3769509971571
Epoch 19 loss: 701.2967763060135
Epoch 20 loss: 650.2968365658107
Epoch 21 loss: 685.0836171914725
Epoch 22 loss: 644.2489536251937
Epoch 23 loss: 582.8931477672359
Epoch 24 loss: 659.527901454292
Epoch 25 loss: 546.6474119797563
Epoch 26 loss: 515.7950814199668
Epoch 27 loss: 495.65253852124306
Epoch 28 loss: 493.737863986927
Epoch 29 loss: 445.55122348248705
Epoch 30 loss: 455.3248674509792
Epoch 31 loss: 390.15097061006736
Epoch 32 loss: 378.0654282016283
Epoch 33 loss: 371.5984922141494
Epoch 34 loss: 296.75394103424503
Epoch 35 loss: 283.3054280143323
Epoch 36 loss: 246.03408310551737
Epoch 37 loss: 223.8690078543472
Epoch 38 loss: 226.752715734069
Epoch 39 loss: 198.1402195057774
Epoch 40 loss: 208.15812844599066
Epoch 41 loss: 178.85371412796016
Epoch 42 loss: 187.47468070803632
Epoch 43 loss: 154.3134186974695
Epoch 44 loss: 133.88656017929176
Epoch 45 loss: 151.61202527783848
Epoch 46 loss: 146.64251259223116
Epoch 47 loss: 120.23794938530324
Epoch 48 loss: 126.80851627718037
Epoch 49 loss: 141.88348248857574
